終端機在文法中未使用

   BREAK
   CASE
   CONTINUE
   DEFAULT
   IMPORT
   NIL
   STRUCT
   SWITCH
   TYPE
   WHILE
   COMPOUND_OPERATORS_ADD
   COMPOUND_OPERATORS_SUB
   COMPOUND_OPERATORS_MUL
   COMPOUND_OPERATORS_DIV
   COMMENTS_ONE
   COMMENTS_START_MUL
   COMMENTS_END_MUL
   COLON
   REMAINDER
   LOGICAL
   ERROR_SIMPLE


狀態 0 衝突：12 項偏移/縮減，1 項縮減/縮減
狀態 8 衝突：1 項偏移/縮減
狀態 11 衝突：12 項偏移/縮減，1 項縮減/縮減
狀態 23 衝突：12 項偏移/縮減，4 項縮減/縮減
狀態 25 衝突：12 項偏移/縮減，1 項縮減/縮減
狀態 26 衝突：2 項偏移/縮減
狀態 33 衝突：12 項偏移/縮減，1 項縮減/縮減
狀態 63 衝突：12 項偏移/縮減，4 項縮減/縮減
狀態 138 衝突：12 項偏移/縮減，1 項縮減/縮減
狀態 140 衝突：1 項偏移/縮減
狀態 149 衝突：12 項偏移/縮減，1 項縮減/縮減


文法

    0 $accept: start_symbol $end

    1 start_symbol: program

    2 program: statements
    3        | declarations

    4 ex_function: FUNC type SAVE_IDENTIFERS LEFT_PARENTHESE

    5 function: ex_function formal_arguments RIGHT_PARENTHESE LEFT_BRACKETS statements RIGHT_BRACKETS

    6 formal_arguments: %empty
    7                 | formal_argument

    8 formal_argument: SAVE_IDENTIFERS type
    9                | SAVE_IDENTIFERS type COMMA formal_argument

   10 func_invo: IDENTIFERS LEFT_PARENTHESE comm_expression RIGHT_PARENTHESE

   11 comm_expression: %empty
   12                | expression
   13                | comm_expression COMMA comm_expression

   14 Compound: LEFT_BRACKETS statements RIGHT_BRACKETS

   15 Conditional: IF LEFT_PARENTHESE bool_expression RIGHT_PARENTHESE Compound ELSE Compound
   16            | IF LEFT_PARENTHESE bool_expression RIGHT_PARENTHESE Compound

   17 LOOP: FOR LEFT_PARENTHESE statements SEMICOLON bool_expression SEMICOLON statements RIGHT_PARENTHESE Compound

   18 ex_Procedure: GO IDENTIFERS LEFT_PARENTHESE

   19 Procedure: ex_Procedure comm_expression RIGHT_PARENTHESE

   20 statements: declarations statements
   21           | statement statements
   22           | %empty

   23 statement: Compound
   24          | LOOP
   25          | function
   26          | Conditional
   27          | Procedure
   28          | IDENTIFERS ASSIGNMENT expression
   29          | arrays_variable ASSIGNMENT expression
   30          | PRINT expression
   31          | PRINTLN expression
   32          | READ IDENTIFERS
   33          | RETURN
   34          | RETURN expression

   35 type: VOID
   36     | BOOL
   37     | INT
   38     | REAL
   39     | STRING

   40 SAVE_IDENTIFERS: IDENTIFIER

   41 IDENTIFERS: IDENTIFIER

   42 declarations: declaration declarations
   43             | %empty

   44 declaration: Variables_declaration
   45            | consts_declaration

   46 arrays_variable: IDENTIFERS LEFT_SQUARE_BRACKETS index_expression RIGHT_SQUARE_BRACKETS

   47 arrays_declaration: VAR SAVE_IDENTIFERS LEFT_SQUARE_BRACKETS const_index_expression RIGHT_SQUARE_BRACKETS type

   48 consts_declaration: CONST SAVE_IDENTIFERS ASSIGNMENT constant_exp

   49 Variables_declaration: VAR SAVE_IDENTIFERS type ASSIGNMENT constant_exp
   50                      | VAR SAVE_IDENTIFERS type
   51                      | arrays_declaration

   52 constant_exp: expression

   53 expression: number_expression
   54           | bool_expression
   55           | STRING_CONSTANTS

   56 const_index_expression: number_expression

   57 index_expression: number_expression

   58 number_expression: LEFT_PARENTHESE number_expression RIGHT_PARENTHESE
   59                  | number_expression ARITHMETIC_ADD number_expression
   60                  | number_expression ARITHMETIC_SUB number_expression
   61                  | number_expression ARITHMETIC_MUL number_expression
   62                  | number_expression ARITHMETIC_DIV number_expression
   63                  | number_expression EXPONENTIATION number_expression
   64                  | ARITHMETIC_SUB number_expression
   65                  | ARITHMETIC_ADD number_expression
   66                  | commponent

   67 bool_expression: number_expression RELATIONAL_BIG number_expression
   68                | number_expression RELATIONAL_LEAST number_expression
   69                | number_expression RELATIONAL_LEAST_EQ number_expression
   70                | number_expression RELATIONAL_BIG_EQ number_expression
   71                | number_expression RELATIONAL_EQ number_expression
   72                | number_expression RELATIONAL_NEQ number_expression
   73                | LEFT_PARENTHESE bool_expression RIGHT_PARENTHESE
   74                | bool_expression AND bool_expression
   75                | bool_expression OR bool_expression
   76                | NOT bool_expression
   77                | BOOLEAN_CONSTANTS_FALSE
   78                | BOOLEAN_CONSTANTS_TRUE

   79 commponent: INTEGER_CONSTANTS
   80           | REAL_CONSTANTS
   81           | func_invo
   82           | IDENTIFERS
   83           | arrays_variable


終結語詞，附有它們出現處的規則

$end (0) 0
error (256)
BOOL (258) 36
BREAK (259)
CASE (260)
CONST (261) 48
CONTINUE (262)
DEFAULT (263)
ELSE (264) 15
FOR (265) 17
FUNC (266) 4
GO (267) 18
IF (268) 15 16
IMPORT (269)
INT (270) 37
NIL (271)
PRINT (272) 30
PRINTLN (273) 31
REAL (274) 38
RETURN (275) 33 34
STRING (276) 39
STRUCT (277)
SWITCH (278)
TYPE (279)
VAR (280) 47 49 50
VOID (281) 35
WHILE (282)
READ (283) 32
ARITHMETIC_ADD (284) 59 65
ARITHMETIC_SUB (285) 60 64
ARITHMETIC_MUL (286) 61
ARITHMETIC_DIV (287) 62
RELATIONAL_LEAST (288) 68
RELATIONAL_LEAST_EQ (289) 69
RELATIONAL_BIG_EQ (290) 70
RELATIONAL_BIG (291) 67
RELATIONAL_EQ (292) 71
RELATIONAL_NEQ (293) 72
COMPOUND_OPERATORS_ADD (294)
COMPOUND_OPERATORS_SUB (295)
COMPOUND_OPERATORS_MUL (296)
COMPOUND_OPERATORS_DIV (297)
BOOLEAN_CONSTANTS_FALSE (298) 77
BOOLEAN_CONSTANTS_TRUE (299) 78
AND (300) 74
NOT (301) 76
OR (302) 75
COMMENTS_ONE (303)
COMMENTS_START_MUL (304)
COMMENTS_END_MUL (305)
COMMA (306) 9 13
COLON (307)
SEMICOLON (308) 17
LEFT_PARENTHESE (309) 4 10 15 16 17 18 58 73
RIGHT_PARENTHESE (310) 5 10 15 16 17 19 58 73
LEFT_SQUARE_BRACKETS (311) 46 47
RIGHT_SQUARE_BRACKETS (312) 46 47
LEFT_BRACKETS (313) 5 14
RIGHT_BRACKETS (314) 5 14
EXPONENTIATION (315) 63
REMAINDER (316)
LOGICAL (317)
ASSIGNMENT (318) 28 29 48 49
INTEGER_CONSTANTS (319) 79
IDENTIFIER (320) 40 41
REAL_CONSTANTS (321) 80
STRING_CONSTANTS (322) 55
ERROR_SIMPLE (323)
UMINUS (324)
UADD (325)


非終結語詞，附有它們出現處的規則

$accept (71)
    於左側： 0
start_symbol (72)
    於左側： 1,於右側： 0
program (73)
    於左側： 2 3,於右側： 1
ex_function (74)
    於左側： 4,於右側： 5
function (75)
    於左側： 5,於右側： 25
formal_arguments (76)
    於左側： 6 7,於右側： 5
formal_argument (77)
    於左側： 8 9,於右側： 7 9
func_invo (78)
    於左側： 10,於右側： 81
comm_expression (79)
    於左側： 11 12 13,於右側： 10 13 19
Compound (80)
    於左側： 14,於右側： 15 16 17 23
Conditional (81)
    於左側： 15 16,於右側： 26
LOOP (82)
    於左側： 17,於右側： 24
ex_Procedure (83)
    於左側： 18,於右側： 19
Procedure (84)
    於左側： 19,於右側： 27
statements (85)
    於左側： 20 21 22,於右側： 2 5 14 17 20 21
statement (86)
    於左側： 23 24 25 26 27 28 29 30 31 32 33 34,於右側： 21
type (87)
    於左側： 35 36 37 38 39,於右側： 4 8 9 47 49 50
SAVE_IDENTIFERS (88)
    於左側： 40,於右側： 4 8 9 47 48 49 50
IDENTIFERS (89)
    於左側： 41,於右側： 10 18 28 32 46 82
declarations (90)
    於左側： 42 43,於右側： 3 20 42
declaration (91)
    於左側： 44 45,於右側： 42
arrays_variable (92)
    於左側： 46,於右側： 29 83
arrays_declaration (93)
    於左側： 47,於右側： 51
consts_declaration (94)
    於左側： 48,於右側： 45
Variables_declaration (95)
    於左側： 49 50 51,於右側： 44
constant_exp (96)
    於左側： 52,於右側： 48 49
expression (97)
    於左側： 53 54 55,於右側： 12 28 29 30 31 34 52
const_index_expression (98)
    於左側： 56,於右側： 47
index_expression (99)
    於左側： 57,於右側： 46
number_expression (100)
    於左側： 58 59 60 61 62 63 64 65 66,於右側： 53 56 57 58
    59 60 61 62 63 64 65 67 68 69 70 71 72
bool_expression (101)
    於左側： 67 68 69 70 71 72 73 74 75 76 77 78,於右側： 15
    16 17 54 73 74 75 76
commponent (102)
    於左側： 79 80 81 82 83,於右側： 66


狀態 0

    0 $accept: . start_symbol $end

    CONST          偏移，並進入狀態 1
    FOR            偏移，並進入狀態 2
    FUNC           偏移，並進入狀態 3
    GO             偏移，並進入狀態 4
    IF             偏移，並進入狀態 5
    PRINT          偏移，並進入狀態 6
    PRINTLN        偏移，並進入狀態 7
    RETURN         偏移，並進入狀態 8
    VAR            偏移，並進入狀態 9
    READ           偏移，並進入狀態 10
    LEFT_BRACKETS  偏移，並進入狀態 11
    IDENTIFIER     偏移，並進入狀態 12

    $end           使用規則 22 以縮減 (statements)
    $end           [使用規則 43 以縮減 (declarations)]
    CONST          [使用規則 43 以縮減 (declarations)]
    FOR            [使用規則 43 以縮減 (declarations)]
    FUNC           [使用規則 43 以縮減 (declarations)]
    GO             [使用規則 43 以縮減 (declarations)]
    IF             [使用規則 43 以縮減 (declarations)]
    PRINT          [使用規則 43 以縮減 (declarations)]
    PRINTLN        [使用規則 43 以縮減 (declarations)]
    RETURN         [使用規則 43 以縮減 (declarations)]
    VAR            [使用規則 43 以縮減 (declarations)]
    READ           [使用規則 43 以縮減 (declarations)]
    LEFT_BRACKETS  [使用規則 43 以縮減 (declarations)]
    IDENTIFIER     [使用規則 43 以縮減 (declarations)]
    $預設        使用規則 22 以縮減 (statements)

    start_symbol           進入狀態 13
    program                進入狀態 14
    ex_function            進入狀態 15
    function               進入狀態 16
    Compound               進入狀態 17
    Conditional            進入狀態 18
    LOOP                   進入狀態 19
    ex_Procedure           進入狀態 20
    Procedure              進入狀態 21
    statements             進入狀態 22
    statement              進入狀態 23
    IDENTIFERS             進入狀態 24
    declarations           進入狀態 25
    declaration            進入狀態 26
    arrays_variable        進入狀態 27
    arrays_declaration     進入狀態 28
    consts_declaration     進入狀態 29
    Variables_declaration  進入狀態 30


狀態 1

   48 consts_declaration: CONST . SAVE_IDENTIFERS ASSIGNMENT constant_exp

    IDENTIFIER  偏移，並進入狀態 31

    SAVE_IDENTIFERS  進入狀態 32


狀態 2

   17 LOOP: FOR . LEFT_PARENTHESE statements SEMICOLON bool_expression SEMICOLON statements RIGHT_PARENTHESE Compound

    LEFT_PARENTHESE  偏移，並進入狀態 33


狀態 3

    4 ex_function: FUNC . type SAVE_IDENTIFERS LEFT_PARENTHESE

    BOOL    偏移，並進入狀態 34
    INT     偏移，並進入狀態 35
    REAL    偏移，並進入狀態 36
    STRING  偏移，並進入狀態 37
    VOID    偏移，並進入狀態 38

    type  進入狀態 39


狀態 4

   18 ex_Procedure: GO . IDENTIFERS LEFT_PARENTHESE

    IDENTIFIER  偏移，並進入狀態 12

    IDENTIFERS  進入狀態 40


狀態 5

   15 Conditional: IF . LEFT_PARENTHESE bool_expression RIGHT_PARENTHESE Compound ELSE Compound
   16            | IF . LEFT_PARENTHESE bool_expression RIGHT_PARENTHESE Compound

    LEFT_PARENTHESE  偏移，並進入狀態 41


狀態 6

   30 statement: PRINT . expression

    ARITHMETIC_ADD           偏移，並進入狀態 42
    ARITHMETIC_SUB           偏移，並進入狀態 43
    BOOLEAN_CONSTANTS_FALSE  偏移，並進入狀態 44
    BOOLEAN_CONSTANTS_TRUE   偏移，並進入狀態 45
    NOT                      偏移，並進入狀態 46
    LEFT_PARENTHESE          偏移，並進入狀態 47
    INTEGER_CONSTANTS        偏移，並進入狀態 48
    IDENTIFIER               偏移，並進入狀態 12
    REAL_CONSTANTS           偏移，並進入狀態 49
    STRING_CONSTANTS         偏移，並進入狀態 50

    func_invo          進入狀態 51
    IDENTIFERS         進入狀態 52
    arrays_variable    進入狀態 53
    expression         進入狀態 54
    number_expression  進入狀態 55
    bool_expression    進入狀態 56
    commponent         進入狀態 57


狀態 7

   31 statement: PRINTLN . expression

    ARITHMETIC_ADD           偏移，並進入狀態 42
    ARITHMETIC_SUB           偏移，並進入狀態 43
    BOOLEAN_CONSTANTS_FALSE  偏移，並進入狀態 44
    BOOLEAN_CONSTANTS_TRUE   偏移，並進入狀態 45
    NOT                      偏移，並進入狀態 46
    LEFT_PARENTHESE          偏移，並進入狀態 47
    INTEGER_CONSTANTS        偏移，並進入狀態 48
    IDENTIFIER               偏移，並進入狀態 12
    REAL_CONSTANTS           偏移，並進入狀態 49
    STRING_CONSTANTS         偏移，並進入狀態 50

    func_invo          進入狀態 51
    IDENTIFERS         進入狀態 52
    arrays_variable    進入狀態 53
    expression         進入狀態 58
    number_expression  進入狀態 55
    bool_expression    進入狀態 56
    commponent         進入狀態 57


狀態 8

   33 statement: RETURN .
   34          | RETURN . expression

    ARITHMETIC_ADD           偏移，並進入狀態 42
    ARITHMETIC_SUB           偏移，並進入狀態 43
    BOOLEAN_CONSTANTS_FALSE  偏移，並進入狀態 44
    BOOLEAN_CONSTANTS_TRUE   偏移，並進入狀態 45
    NOT                      偏移，並進入狀態 46
    LEFT_PARENTHESE          偏移，並進入狀態 47
    INTEGER_CONSTANTS        偏移，並進入狀態 48
    IDENTIFIER               偏移，並進入狀態 12
    REAL_CONSTANTS           偏移，並進入狀態 49
    STRING_CONSTANTS         偏移，並進入狀態 50

    IDENTIFIER  [使用規則 33 以縮減 (statement)]
    $預設     使用規則 33 以縮減 (statement)

    func_invo          進入狀態 51
    IDENTIFERS         進入狀態 52
    arrays_variable    進入狀態 53
    expression         進入狀態 59
    number_expression  進入狀態 55
    bool_expression    進入狀態 56
    commponent         進入狀態 57


狀態 9

   47 arrays_declaration: VAR . SAVE_IDENTIFERS LEFT_SQUARE_BRACKETS const_index_expression RIGHT_SQUARE_BRACKETS type
   49 Variables_declaration: VAR . SAVE_IDENTIFERS type ASSIGNMENT constant_exp
   50                      | VAR . SAVE_IDENTIFERS type

    IDENTIFIER  偏移，並進入狀態 31

    SAVE_IDENTIFERS  進入狀態 60


狀態 10

   32 statement: READ . IDENTIFERS

    IDENTIFIER  偏移，並進入狀態 12

    IDENTIFERS  進入狀態 61


狀態 11

   14 Compound: LEFT_BRACKETS . statements RIGHT_BRACKETS

    CONST          偏移，並進入狀態 1
    FOR            偏移，並進入狀態 2
    FUNC           偏移，並進入狀態 3
    GO             偏移，並進入狀態 4
    IF             偏移，並進入狀態 5
    PRINT          偏移，並進入狀態 6
    PRINTLN        偏移，並進入狀態 7
    RETURN         偏移，並進入狀態 8
    VAR            偏移，並進入狀態 9
    READ           偏移，並進入狀態 10
    LEFT_BRACKETS  偏移，並進入狀態 11
    IDENTIFIER     偏移，並進入狀態 12

    CONST           [使用規則 43 以縮減 (declarations)]
    FOR             [使用規則 43 以縮減 (declarations)]
    FUNC            [使用規則 43 以縮減 (declarations)]
    GO              [使用規則 43 以縮減 (declarations)]
    IF              [使用規則 43 以縮減 (declarations)]
    PRINT           [使用規則 43 以縮減 (declarations)]
    PRINTLN         [使用規則 43 以縮減 (declarations)]
    RETURN          [使用規則 43 以縮減 (declarations)]
    VAR             [使用規則 43 以縮減 (declarations)]
    READ            [使用規則 43 以縮減 (declarations)]
    LEFT_BRACKETS   [使用規則 43 以縮減 (declarations)]
    RIGHT_BRACKETS  使用規則 22 以縮減 (statements)
    RIGHT_BRACKETS  [使用規則 43 以縮減 (declarations)]
    IDENTIFIER      [使用規則 43 以縮減 (declarations)]
    $預設         使用規則 22 以縮減 (statements)

    ex_function            進入狀態 15
    function               進入狀態 16
    Compound               進入狀態 17
    Conditional            進入狀態 18
    LOOP                   進入狀態 19
    ex_Procedure           進入狀態 20
    Procedure              進入狀態 21
    statements             進入狀態 62
    statement              進入狀態 23
    IDENTIFERS             進入狀態 24
    declarations           進入狀態 63
    declaration            進入狀態 26
    arrays_variable        進入狀態 27
    arrays_declaration     進入狀態 28
    consts_declaration     進入狀態 29
    Variables_declaration  進入狀態 30


狀態 12

   41 IDENTIFERS: IDENTIFIER .

    $預設  使用規則 41 以縮減 (IDENTIFERS)


狀態 13

    0 $accept: start_symbol . $end

    $end  偏移，並進入狀態 64


狀態 14

    1 start_symbol: program .

    $預設  使用規則 1 以縮減 (start_symbol)


狀態 15

    5 function: ex_function . formal_arguments RIGHT_PARENTHESE LEFT_BRACKETS statements RIGHT_BRACKETS

    IDENTIFIER  偏移，並進入狀態 31

    $預設  使用規則 6 以縮減 (formal_arguments)

    formal_arguments  進入狀態 65
    formal_argument   進入狀態 66
    SAVE_IDENTIFERS   進入狀態 67


狀態 16

   25 statement: function .

    $預設  使用規則 25 以縮減 (statement)


狀態 17

   23 statement: Compound .

    $預設  使用規則 23 以縮減 (statement)


狀態 18

   26 statement: Conditional .

    $預設  使用規則 26 以縮減 (statement)


狀態 19

   24 statement: LOOP .

    $預設  使用規則 24 以縮減 (statement)


狀態 20

   19 Procedure: ex_Procedure . comm_expression RIGHT_PARENTHESE

    ARITHMETIC_ADD           偏移，並進入狀態 42
    ARITHMETIC_SUB           偏移，並進入狀態 43
    BOOLEAN_CONSTANTS_FALSE  偏移，並進入狀態 44
    BOOLEAN_CONSTANTS_TRUE   偏移，並進入狀態 45
    NOT                      偏移，並進入狀態 46
    LEFT_PARENTHESE          偏移，並進入狀態 47
    INTEGER_CONSTANTS        偏移，並進入狀態 48
    IDENTIFIER               偏移，並進入狀態 12
    REAL_CONSTANTS           偏移，並進入狀態 49
    STRING_CONSTANTS         偏移，並進入狀態 50

    $預設  使用規則 11 以縮減 (comm_expression)

    func_invo          進入狀態 51
    comm_expression    進入狀態 68
    IDENTIFERS         進入狀態 52
    arrays_variable    進入狀態 53
    expression         進入狀態 69
    number_expression  進入狀態 55
    bool_expression    進入狀態 56
    commponent         進入狀態 57


狀態 21

   27 statement: Procedure .

    $預設  使用規則 27 以縮減 (statement)


狀態 22

    2 program: statements .

    $預設  使用規則 2 以縮減 (program)


狀態 23

   21 statements: statement . statements

    CONST          偏移，並進入狀態 1
    FOR            偏移，並進入狀態 2
    FUNC           偏移，並進入狀態 3
    GO             偏移，並進入狀態 4
    IF             偏移，並進入狀態 5
    PRINT          偏移，並進入狀態 6
    PRINTLN        偏移，並進入狀態 7
    RETURN         偏移，並進入狀態 8
    VAR            偏移，並進入狀態 9
    READ           偏移，並進入狀態 10
    LEFT_BRACKETS  偏移，並進入狀態 11
    IDENTIFIER     偏移，並進入狀態 12

    $end              使用規則 22 以縮減 (statements)
    $end              [使用規則 43 以縮減 (declarations)]
    CONST             [使用規則 43 以縮減 (declarations)]
    FOR               [使用規則 43 以縮減 (declarations)]
    FUNC              [使用規則 43 以縮減 (declarations)]
    GO                [使用規則 43 以縮減 (declarations)]
    IF                [使用規則 43 以縮減 (declarations)]
    PRINT             [使用規則 43 以縮減 (declarations)]
    PRINTLN           [使用規則 43 以縮減 (declarations)]
    RETURN            [使用規則 43 以縮減 (declarations)]
    VAR               [使用規則 43 以縮減 (declarations)]
    READ              [使用規則 43 以縮減 (declarations)]
    SEMICOLON         使用規則 22 以縮減 (statements)
    SEMICOLON         [使用規則 43 以縮減 (declarations)]
    RIGHT_PARENTHESE  使用規則 22 以縮減 (statements)
    RIGHT_PARENTHESE  [使用規則 43 以縮減 (declarations)]
    LEFT_BRACKETS     [使用規則 43 以縮減 (declarations)]
    RIGHT_BRACKETS    使用規則 22 以縮減 (statements)
    RIGHT_BRACKETS    [使用規則 43 以縮減 (declarations)]
    IDENTIFIER        [使用規則 43 以縮減 (declarations)]
    $預設           使用規則 22 以縮減 (statements)

    ex_function            進入狀態 15
    function               進入狀態 16
    Compound               進入狀態 17
    Conditional            進入狀態 18
    LOOP                   進入狀態 19
    ex_Procedure           進入狀態 20
    Procedure              進入狀態 21
    statements             進入狀態 70
    statement              進入狀態 23
    IDENTIFERS             進入狀態 24
    declarations           進入狀態 63
    declaration            進入狀態 26
    arrays_variable        進入狀態 27
    arrays_declaration     進入狀態 28
    consts_declaration     進入狀態 29
    Variables_declaration  進入狀態 30


狀態 24

   28 statement: IDENTIFERS . ASSIGNMENT expression
   46 arrays_variable: IDENTIFERS . LEFT_SQUARE_BRACKETS index_expression RIGHT_SQUARE_BRACKETS

    LEFT_SQUARE_BRACKETS  偏移，並進入狀態 71
    ASSIGNMENT            偏移，並進入狀態 72


狀態 25

    3 program: declarations .
   20 statements: declarations . statements

    CONST          偏移，並進入狀態 1
    FOR            偏移，並進入狀態 2
    FUNC           偏移，並進入狀態 3
    GO             偏移，並進入狀態 4
    IF             偏移，並進入狀態 5
    PRINT          偏移，並進入狀態 6
    PRINTLN        偏移，並進入狀態 7
    RETURN         偏移，並進入狀態 8
    VAR            偏移，並進入狀態 9
    READ           偏移，並進入狀態 10
    LEFT_BRACKETS  偏移，並進入狀態 11
    IDENTIFIER     偏移，並進入狀態 12

    $end           使用規則 3 以縮減 (program)
    $end           [使用規則 22 以縮減 (statements)]
    $end           [使用規則 43 以縮減 (declarations)]
    CONST          [使用規則 43 以縮減 (declarations)]
    FOR            [使用規則 43 以縮減 (declarations)]
    FUNC           [使用規則 43 以縮減 (declarations)]
    GO             [使用規則 43 以縮減 (declarations)]
    IF             [使用規則 43 以縮減 (declarations)]
    PRINT          [使用規則 43 以縮減 (declarations)]
    PRINTLN        [使用規則 43 以縮減 (declarations)]
    RETURN         [使用規則 43 以縮減 (declarations)]
    VAR            [使用規則 43 以縮減 (declarations)]
    READ           [使用規則 43 以縮減 (declarations)]
    LEFT_BRACKETS  [使用規則 43 以縮減 (declarations)]
    IDENTIFIER     [使用規則 43 以縮減 (declarations)]
    $預設        使用規則 3 以縮減 (program)

    ex_function            進入狀態 15
    function               進入狀態 16
    Compound               進入狀態 17
    Conditional            進入狀態 18
    LOOP                   進入狀態 19
    ex_Procedure           進入狀態 20
    Procedure              進入狀態 21
    statements             進入狀態 73
    statement              進入狀態 23
    IDENTIFERS             進入狀態 24
    declarations           進入狀態 63
    declaration            進入狀態 26
    arrays_variable        進入狀態 27
    arrays_declaration     進入狀態 28
    consts_declaration     進入狀態 29
    Variables_declaration  進入狀態 30


狀態 26

   42 declarations: declaration . declarations

    CONST  偏移，並進入狀態 1
    VAR    偏移，並進入狀態 9

    CONST    [使用規則 43 以縮減 (declarations)]
    VAR      [使用規則 43 以縮減 (declarations)]
    $預設  使用規則 43 以縮減 (declarations)

    declarations           進入狀態 74
    declaration            進入狀態 26
    arrays_declaration     進入狀態 28
    consts_declaration     進入狀態 29
    Variables_declaration  進入狀態 30


狀態 27

   29 statement: arrays_variable . ASSIGNMENT expression

    ASSIGNMENT  偏移，並進入狀態 75


狀態 28

   51 Variables_declaration: arrays_declaration .

    $預設  使用規則 51 以縮減 (Variables_declaration)


狀態 29

   45 declaration: consts_declaration .

    $預設  使用規則 45 以縮減 (declaration)


狀態 30

   44 declaration: Variables_declaration .

    $預設  使用規則 44 以縮減 (declaration)


狀態 31

   40 SAVE_IDENTIFERS: IDENTIFIER .

    $預設  使用規則 40 以縮減 (SAVE_IDENTIFERS)


狀態 32

   48 consts_declaration: CONST SAVE_IDENTIFERS . ASSIGNMENT constant_exp

    ASSIGNMENT  偏移，並進入狀態 76


狀態 33

   17 LOOP: FOR LEFT_PARENTHESE . statements SEMICOLON bool_expression SEMICOLON statements RIGHT_PARENTHESE Compound

    CONST          偏移，並進入狀態 1
    FOR            偏移，並進入狀態 2
    FUNC           偏移，並進入狀態 3
    GO             偏移，並進入狀態 4
    IF             偏移，並進入狀態 5
    PRINT          偏移，並進入狀態 6
    PRINTLN        偏移，並進入狀態 7
    RETURN         偏移，並進入狀態 8
    VAR            偏移，並進入狀態 9
    READ           偏移，並進入狀態 10
    LEFT_BRACKETS  偏移，並進入狀態 11
    IDENTIFIER     偏移，並進入狀態 12

    CONST          [使用規則 43 以縮減 (declarations)]
    FOR            [使用規則 43 以縮減 (declarations)]
    FUNC           [使用規則 43 以縮減 (declarations)]
    GO             [使用規則 43 以縮減 (declarations)]
    IF             [使用規則 43 以縮減 (declarations)]
    PRINT          [使用規則 43 以縮減 (declarations)]
    PRINTLN        [使用規則 43 以縮減 (declarations)]
    RETURN         [使用規則 43 以縮減 (declarations)]
    VAR            [使用規則 43 以縮減 (declarations)]
    READ           [使用規則 43 以縮減 (declarations)]
    SEMICOLON      使用規則 22 以縮減 (statements)
    SEMICOLON      [使用規則 43 以縮減 (declarations)]
    LEFT_BRACKETS  [使用規則 43 以縮減 (declarations)]
    IDENTIFIER     [使用規則 43 以縮減 (declarations)]
    $預設        使用規則 22 以縮減 (statements)

    ex_function            進入狀態 15
    function               進入狀態 16
    Compound               進入狀態 17
    Conditional            進入狀態 18
    LOOP                   進入狀態 19
    ex_Procedure           進入狀態 20
    Procedure              進入狀態 21
    statements             進入狀態 77
    statement              進入狀態 23
    IDENTIFERS             進入狀態 24
    declarations           進入狀態 63
    declaration            進入狀態 26
    arrays_variable        進入狀態 27
    arrays_declaration     進入狀態 28
    consts_declaration     進入狀態 29
    Variables_declaration  進入狀態 30


狀態 34

   36 type: BOOL .

    $預設  使用規則 36 以縮減 (type)


狀態 35

   37 type: INT .

    $預設  使用規則 37 以縮減 (type)


狀態 36

   38 type: REAL .

    $預設  使用規則 38 以縮減 (type)


狀態 37

   39 type: STRING .

    $預設  使用規則 39 以縮減 (type)


狀態 38

   35 type: VOID .

    $預設  使用規則 35 以縮減 (type)


狀態 39

    4 ex_function: FUNC type . SAVE_IDENTIFERS LEFT_PARENTHESE

    IDENTIFIER  偏移，並進入狀態 31

    SAVE_IDENTIFERS  進入狀態 78


狀態 40

   18 ex_Procedure: GO IDENTIFERS . LEFT_PARENTHESE

    LEFT_PARENTHESE  偏移，並進入狀態 79


狀態 41

   15 Conditional: IF LEFT_PARENTHESE . bool_expression RIGHT_PARENTHESE Compound ELSE Compound
   16            | IF LEFT_PARENTHESE . bool_expression RIGHT_PARENTHESE Compound

    ARITHMETIC_ADD           偏移，並進入狀態 42
    ARITHMETIC_SUB           偏移，並進入狀態 43
    BOOLEAN_CONSTANTS_FALSE  偏移，並進入狀態 44
    BOOLEAN_CONSTANTS_TRUE   偏移，並進入狀態 45
    NOT                      偏移，並進入狀態 46
    LEFT_PARENTHESE          偏移，並進入狀態 47
    INTEGER_CONSTANTS        偏移，並進入狀態 48
    IDENTIFIER               偏移，並進入狀態 12
    REAL_CONSTANTS           偏移，並進入狀態 49

    func_invo          進入狀態 51
    IDENTIFERS         進入狀態 52
    arrays_variable    進入狀態 53
    number_expression  進入狀態 80
    bool_expression    進入狀態 81
    commponent         進入狀態 57


狀態 42

   65 number_expression: ARITHMETIC_ADD . number_expression

    ARITHMETIC_ADD     偏移，並進入狀態 42
    ARITHMETIC_SUB     偏移，並進入狀態 43
    LEFT_PARENTHESE    偏移，並進入狀態 82
    INTEGER_CONSTANTS  偏移，並進入狀態 48
    IDENTIFIER         偏移，並進入狀態 12
    REAL_CONSTANTS     偏移，並進入狀態 49

    func_invo          進入狀態 51
    IDENTIFERS         進入狀態 52
    arrays_variable    進入狀態 53
    number_expression  進入狀態 83
    commponent         進入狀態 57


狀態 43

   64 number_expression: ARITHMETIC_SUB . number_expression

    ARITHMETIC_ADD     偏移，並進入狀態 42
    ARITHMETIC_SUB     偏移，並進入狀態 43
    LEFT_PARENTHESE    偏移，並進入狀態 82
    INTEGER_CONSTANTS  偏移，並進入狀態 48
    IDENTIFIER         偏移，並進入狀態 12
    REAL_CONSTANTS     偏移，並進入狀態 49

    func_invo          進入狀態 51
    IDENTIFERS         進入狀態 52
    arrays_variable    進入狀態 53
    number_expression  進入狀態 84
    commponent         進入狀態 57


狀態 44

   77 bool_expression: BOOLEAN_CONSTANTS_FALSE .

    $預設  使用規則 77 以縮減 (bool_expression)


狀態 45

   78 bool_expression: BOOLEAN_CONSTANTS_TRUE .

    $預設  使用規則 78 以縮減 (bool_expression)


狀態 46

   76 bool_expression: NOT . bool_expression

    ARITHMETIC_ADD           偏移，並進入狀態 42
    ARITHMETIC_SUB           偏移，並進入狀態 43
    BOOLEAN_CONSTANTS_FALSE  偏移，並進入狀態 44
    BOOLEAN_CONSTANTS_TRUE   偏移，並進入狀態 45
    NOT                      偏移，並進入狀態 46
    LEFT_PARENTHESE          偏移，並進入狀態 47
    INTEGER_CONSTANTS        偏移，並進入狀態 48
    IDENTIFIER               偏移，並進入狀態 12
    REAL_CONSTANTS           偏移，並進入狀態 49

    func_invo          進入狀態 51
    IDENTIFERS         進入狀態 52
    arrays_variable    進入狀態 53
    number_expression  進入狀態 80
    bool_expression    進入狀態 85
    commponent         進入狀態 57


狀態 47

   58 number_expression: LEFT_PARENTHESE . number_expression RIGHT_PARENTHESE
   73 bool_expression: LEFT_PARENTHESE . bool_expression RIGHT_PARENTHESE

    ARITHMETIC_ADD           偏移，並進入狀態 42
    ARITHMETIC_SUB           偏移，並進入狀態 43
    BOOLEAN_CONSTANTS_FALSE  偏移，並進入狀態 44
    BOOLEAN_CONSTANTS_TRUE   偏移，並進入狀態 45
    NOT                      偏移，並進入狀態 46
    LEFT_PARENTHESE          偏移，並進入狀態 47
    INTEGER_CONSTANTS        偏移，並進入狀態 48
    IDENTIFIER               偏移，並進入狀態 12
    REAL_CONSTANTS           偏移，並進入狀態 49

    func_invo          進入狀態 51
    IDENTIFERS         進入狀態 52
    arrays_variable    進入狀態 53
    number_expression  進入狀態 86
    bool_expression    進入狀態 87
    commponent         進入狀態 57


狀態 48

   79 commponent: INTEGER_CONSTANTS .

    $預設  使用規則 79 以縮減 (commponent)


狀態 49

   80 commponent: REAL_CONSTANTS .

    $預設  使用規則 80 以縮減 (commponent)


狀態 50

   55 expression: STRING_CONSTANTS .

    $預設  使用規則 55 以縮減 (expression)


狀態 51

   81 commponent: func_invo .

    $預設  使用規則 81 以縮減 (commponent)


狀態 52

   10 func_invo: IDENTIFERS . LEFT_PARENTHESE comm_expression RIGHT_PARENTHESE
   46 arrays_variable: IDENTIFERS . LEFT_SQUARE_BRACKETS index_expression RIGHT_SQUARE_BRACKETS
   82 commponent: IDENTIFERS .

    LEFT_PARENTHESE       偏移，並進入狀態 88
    LEFT_SQUARE_BRACKETS  偏移，並進入狀態 71

    $預設  使用規則 82 以縮減 (commponent)


狀態 53

   83 commponent: arrays_variable .

    $預設  使用規則 83 以縮減 (commponent)


狀態 54

   30 statement: PRINT expression .

    $預設  使用規則 30 以縮減 (statement)


狀態 55

   53 expression: number_expression .
   59 number_expression: number_expression . ARITHMETIC_ADD number_expression
   60                  | number_expression . ARITHMETIC_SUB number_expression
   61                  | number_expression . ARITHMETIC_MUL number_expression
   62                  | number_expression . ARITHMETIC_DIV number_expression
   63                  | number_expression . EXPONENTIATION number_expression
   67 bool_expression: number_expression . RELATIONAL_BIG number_expression
   68                | number_expression . RELATIONAL_LEAST number_expression
   69                | number_expression . RELATIONAL_LEAST_EQ number_expression
   70                | number_expression . RELATIONAL_BIG_EQ number_expression
   71                | number_expression . RELATIONAL_EQ number_expression
   72                | number_expression . RELATIONAL_NEQ number_expression

    ARITHMETIC_ADD       偏移，並進入狀態 89
    ARITHMETIC_SUB       偏移，並進入狀態 90
    ARITHMETIC_MUL       偏移，並進入狀態 91
    ARITHMETIC_DIV       偏移，並進入狀態 92
    RELATIONAL_LEAST     偏移，並進入狀態 93
    RELATIONAL_LEAST_EQ  偏移，並進入狀態 94
    RELATIONAL_BIG_EQ    偏移，並進入狀態 95
    RELATIONAL_BIG       偏移，並進入狀態 96
    RELATIONAL_EQ        偏移，並進入狀態 97
    RELATIONAL_NEQ       偏移，並進入狀態 98
    EXPONENTIATION       偏移，並進入狀態 99

    $預設  使用規則 53 以縮減 (expression)


狀態 56

   54 expression: bool_expression .
   74 bool_expression: bool_expression . AND bool_expression
   75                | bool_expression . OR bool_expression

    AND  偏移，並進入狀態 100
    OR   偏移，並進入狀態 101

    $預設  使用規則 54 以縮減 (expression)


狀態 57

   66 number_expression: commponent .

    $預設  使用規則 66 以縮減 (number_expression)


狀態 58

   31 statement: PRINTLN expression .

    $預設  使用規則 31 以縮減 (statement)


狀態 59

   34 statement: RETURN expression .

    $預設  使用規則 34 以縮減 (statement)


狀態 60

   47 arrays_declaration: VAR SAVE_IDENTIFERS . LEFT_SQUARE_BRACKETS const_index_expression RIGHT_SQUARE_BRACKETS type
   49 Variables_declaration: VAR SAVE_IDENTIFERS . type ASSIGNMENT constant_exp
   50                      | VAR SAVE_IDENTIFERS . type

    BOOL                  偏移，並進入狀態 34
    INT                   偏移，並進入狀態 35
    REAL                  偏移，並進入狀態 36
    STRING                偏移，並進入狀態 37
    VOID                  偏移，並進入狀態 38
    LEFT_SQUARE_BRACKETS  偏移，並進入狀態 102

    type  進入狀態 103


狀態 61

   32 statement: READ IDENTIFERS .

    $預設  使用規則 32 以縮減 (statement)


狀態 62

   14 Compound: LEFT_BRACKETS statements . RIGHT_BRACKETS

    RIGHT_BRACKETS  偏移，並進入狀態 104


狀態 63

   20 statements: declarations . statements

    CONST          偏移，並進入狀態 1
    FOR            偏移，並進入狀態 2
    FUNC           偏移，並進入狀態 3
    GO             偏移，並進入狀態 4
    IF             偏移，並進入狀態 5
    PRINT          偏移，並進入狀態 6
    PRINTLN        偏移，並進入狀態 7
    RETURN         偏移，並進入狀態 8
    VAR            偏移，並進入狀態 9
    READ           偏移，並進入狀態 10
    LEFT_BRACKETS  偏移，並進入狀態 11
    IDENTIFIER     偏移，並進入狀態 12

    $end              使用規則 22 以縮減 (statements)
    $end              [使用規則 43 以縮減 (declarations)]
    CONST             [使用規則 43 以縮減 (declarations)]
    FOR               [使用規則 43 以縮減 (declarations)]
    FUNC              [使用規則 43 以縮減 (declarations)]
    GO                [使用規則 43 以縮減 (declarations)]
    IF                [使用規則 43 以縮減 (declarations)]
    PRINT             [使用規則 43 以縮減 (declarations)]
    PRINTLN           [使用規則 43 以縮減 (declarations)]
    RETURN            [使用規則 43 以縮減 (declarations)]
    VAR               [使用規則 43 以縮減 (declarations)]
    READ              [使用規則 43 以縮減 (declarations)]
    SEMICOLON         使用規則 22 以縮減 (statements)
    SEMICOLON         [使用規則 43 以縮減 (declarations)]
    RIGHT_PARENTHESE  使用規則 22 以縮減 (statements)
    RIGHT_PARENTHESE  [使用規則 43 以縮減 (declarations)]
    LEFT_BRACKETS     [使用規則 43 以縮減 (declarations)]
    RIGHT_BRACKETS    使用規則 22 以縮減 (statements)
    RIGHT_BRACKETS    [使用規則 43 以縮減 (declarations)]
    IDENTIFIER        [使用規則 43 以縮減 (declarations)]
    $預設           使用規則 22 以縮減 (statements)

    ex_function            進入狀態 15
    function               進入狀態 16
    Compound               進入狀態 17
    Conditional            進入狀態 18
    LOOP                   進入狀態 19
    ex_Procedure           進入狀態 20
    Procedure              進入狀態 21
    statements             進入狀態 73
    statement              進入狀態 23
    IDENTIFERS             進入狀態 24
    declarations           進入狀態 63
    declaration            進入狀態 26
    arrays_variable        進入狀態 27
    arrays_declaration     進入狀態 28
    consts_declaration     進入狀態 29
    Variables_declaration  進入狀態 30


狀態 64

    0 $accept: start_symbol $end .

    $預設  接受


狀態 65

    5 function: ex_function formal_arguments . RIGHT_PARENTHESE LEFT_BRACKETS statements RIGHT_BRACKETS

    RIGHT_PARENTHESE  偏移，並進入狀態 105


狀態 66

    7 formal_arguments: formal_argument .

    $預設  使用規則 7 以縮減 (formal_arguments)


狀態 67

    8 formal_argument: SAVE_IDENTIFERS . type
    9                | SAVE_IDENTIFERS . type COMMA formal_argument

    BOOL    偏移，並進入狀態 34
    INT     偏移，並進入狀態 35
    REAL    偏移，並進入狀態 36
    STRING  偏移，並進入狀態 37
    VOID    偏移，並進入狀態 38

    type  進入狀態 106


狀態 68

   13 comm_expression: comm_expression . COMMA comm_expression
   19 Procedure: ex_Procedure comm_expression . RIGHT_PARENTHESE

    COMMA             偏移，並進入狀態 107
    RIGHT_PARENTHESE  偏移，並進入狀態 108


狀態 69

   12 comm_expression: expression .

    $預設  使用規則 12 以縮減 (comm_expression)


狀態 70

   21 statements: statement statements .

    $預設  使用規則 21 以縮減 (statements)


狀態 71

   46 arrays_variable: IDENTIFERS LEFT_SQUARE_BRACKETS . index_expression RIGHT_SQUARE_BRACKETS

    ARITHMETIC_ADD     偏移，並進入狀態 42
    ARITHMETIC_SUB     偏移，並進入狀態 43
    LEFT_PARENTHESE    偏移，並進入狀態 82
    INTEGER_CONSTANTS  偏移，並進入狀態 48
    IDENTIFIER         偏移，並進入狀態 12
    REAL_CONSTANTS     偏移，並進入狀態 49

    func_invo          進入狀態 51
    IDENTIFERS         進入狀態 52
    arrays_variable    進入狀態 53
    index_expression   進入狀態 109
    number_expression  進入狀態 110
    commponent         進入狀態 57


狀態 72

   28 statement: IDENTIFERS ASSIGNMENT . expression

    ARITHMETIC_ADD           偏移，並進入狀態 42
    ARITHMETIC_SUB           偏移，並進入狀態 43
    BOOLEAN_CONSTANTS_FALSE  偏移，並進入狀態 44
    BOOLEAN_CONSTANTS_TRUE   偏移，並進入狀態 45
    NOT                      偏移，並進入狀態 46
    LEFT_PARENTHESE          偏移，並進入狀態 47
    INTEGER_CONSTANTS        偏移，並進入狀態 48
    IDENTIFIER               偏移，並進入狀態 12
    REAL_CONSTANTS           偏移，並進入狀態 49
    STRING_CONSTANTS         偏移，並進入狀態 50

    func_invo          進入狀態 51
    IDENTIFERS         進入狀態 52
    arrays_variable    進入狀態 53
    expression         進入狀態 111
    number_expression  進入狀態 55
    bool_expression    進入狀態 56
    commponent         進入狀態 57


狀態 73

   20 statements: declarations statements .

    $預設  使用規則 20 以縮減 (statements)


狀態 74

   42 declarations: declaration declarations .

    $預設  使用規則 42 以縮減 (declarations)


狀態 75

   29 statement: arrays_variable ASSIGNMENT . expression

    ARITHMETIC_ADD           偏移，並進入狀態 42
    ARITHMETIC_SUB           偏移，並進入狀態 43
    BOOLEAN_CONSTANTS_FALSE  偏移，並進入狀態 44
    BOOLEAN_CONSTANTS_TRUE   偏移，並進入狀態 45
    NOT                      偏移，並進入狀態 46
    LEFT_PARENTHESE          偏移，並進入狀態 47
    INTEGER_CONSTANTS        偏移，並進入狀態 48
    IDENTIFIER               偏移，並進入狀態 12
    REAL_CONSTANTS           偏移，並進入狀態 49
    STRING_CONSTANTS         偏移，並進入狀態 50

    func_invo          進入狀態 51
    IDENTIFERS         進入狀態 52
    arrays_variable    進入狀態 53
    expression         進入狀態 112
    number_expression  進入狀態 55
    bool_expression    進入狀態 56
    commponent         進入狀態 57


狀態 76

   48 consts_declaration: CONST SAVE_IDENTIFERS ASSIGNMENT . constant_exp

    ARITHMETIC_ADD           偏移，並進入狀態 42
    ARITHMETIC_SUB           偏移，並進入狀態 43
    BOOLEAN_CONSTANTS_FALSE  偏移，並進入狀態 44
    BOOLEAN_CONSTANTS_TRUE   偏移，並進入狀態 45
    NOT                      偏移，並進入狀態 46
    LEFT_PARENTHESE          偏移，並進入狀態 47
    INTEGER_CONSTANTS        偏移，並進入狀態 48
    IDENTIFIER               偏移，並進入狀態 12
    REAL_CONSTANTS           偏移，並進入狀態 49
    STRING_CONSTANTS         偏移，並進入狀態 50

    func_invo          進入狀態 51
    IDENTIFERS         進入狀態 52
    arrays_variable    進入狀態 53
    constant_exp       進入狀態 113
    expression         進入狀態 114
    number_expression  進入狀態 55
    bool_expression    進入狀態 56
    commponent         進入狀態 57


狀態 77

   17 LOOP: FOR LEFT_PARENTHESE statements . SEMICOLON bool_expression SEMICOLON statements RIGHT_PARENTHESE Compound

    SEMICOLON  偏移，並進入狀態 115


狀態 78

    4 ex_function: FUNC type SAVE_IDENTIFERS . LEFT_PARENTHESE

    LEFT_PARENTHESE  偏移，並進入狀態 116


狀態 79

   18 ex_Procedure: GO IDENTIFERS LEFT_PARENTHESE .

    $預設  使用規則 18 以縮減 (ex_Procedure)


狀態 80

   59 number_expression: number_expression . ARITHMETIC_ADD number_expression
   60                  | number_expression . ARITHMETIC_SUB number_expression
   61                  | number_expression . ARITHMETIC_MUL number_expression
   62                  | number_expression . ARITHMETIC_DIV number_expression
   63                  | number_expression . EXPONENTIATION number_expression
   67 bool_expression: number_expression . RELATIONAL_BIG number_expression
   68                | number_expression . RELATIONAL_LEAST number_expression
   69                | number_expression . RELATIONAL_LEAST_EQ number_expression
   70                | number_expression . RELATIONAL_BIG_EQ number_expression
   71                | number_expression . RELATIONAL_EQ number_expression
   72                | number_expression . RELATIONAL_NEQ number_expression

    ARITHMETIC_ADD       偏移，並進入狀態 89
    ARITHMETIC_SUB       偏移，並進入狀態 90
    ARITHMETIC_MUL       偏移，並進入狀態 91
    ARITHMETIC_DIV       偏移，並進入狀態 92
    RELATIONAL_LEAST     偏移，並進入狀態 93
    RELATIONAL_LEAST_EQ  偏移，並進入狀態 94
    RELATIONAL_BIG_EQ    偏移，並進入狀態 95
    RELATIONAL_BIG       偏移，並進入狀態 96
    RELATIONAL_EQ        偏移，並進入狀態 97
    RELATIONAL_NEQ       偏移，並進入狀態 98
    EXPONENTIATION       偏移，並進入狀態 99


狀態 81

   15 Conditional: IF LEFT_PARENTHESE bool_expression . RIGHT_PARENTHESE Compound ELSE Compound
   16            | IF LEFT_PARENTHESE bool_expression . RIGHT_PARENTHESE Compound
   74 bool_expression: bool_expression . AND bool_expression
   75                | bool_expression . OR bool_expression

    AND               偏移，並進入狀態 100
    OR                偏移，並進入狀態 101
    RIGHT_PARENTHESE  偏移，並進入狀態 117


狀態 82

   58 number_expression: LEFT_PARENTHESE . number_expression RIGHT_PARENTHESE

    ARITHMETIC_ADD     偏移，並進入狀態 42
    ARITHMETIC_SUB     偏移，並進入狀態 43
    LEFT_PARENTHESE    偏移，並進入狀態 82
    INTEGER_CONSTANTS  偏移，並進入狀態 48
    IDENTIFIER         偏移，並進入狀態 12
    REAL_CONSTANTS     偏移，並進入狀態 49

    func_invo          進入狀態 51
    IDENTIFERS         進入狀態 52
    arrays_variable    進入狀態 53
    number_expression  進入狀態 118
    commponent         進入狀態 57


狀態 83

   59 number_expression: number_expression . ARITHMETIC_ADD number_expression
   60                  | number_expression . ARITHMETIC_SUB number_expression
   61                  | number_expression . ARITHMETIC_MUL number_expression
   62                  | number_expression . ARITHMETIC_DIV number_expression
   63                  | number_expression . EXPONENTIATION number_expression
   65                  | ARITHMETIC_ADD number_expression .

    $預設  使用規則 65 以縮減 (number_expression)


狀態 84

   59 number_expression: number_expression . ARITHMETIC_ADD number_expression
   60                  | number_expression . ARITHMETIC_SUB number_expression
   61                  | number_expression . ARITHMETIC_MUL number_expression
   62                  | number_expression . ARITHMETIC_DIV number_expression
   63                  | number_expression . EXPONENTIATION number_expression
   64                  | ARITHMETIC_SUB number_expression .

    $預設  使用規則 64 以縮減 (number_expression)


狀態 85

   74 bool_expression: bool_expression . AND bool_expression
   75                | bool_expression . OR bool_expression
   76                | NOT bool_expression .

    $預設  使用規則 76 以縮減 (bool_expression)


狀態 86

   58 number_expression: LEFT_PARENTHESE number_expression . RIGHT_PARENTHESE
   59                  | number_expression . ARITHMETIC_ADD number_expression
   60                  | number_expression . ARITHMETIC_SUB number_expression
   61                  | number_expression . ARITHMETIC_MUL number_expression
   62                  | number_expression . ARITHMETIC_DIV number_expression
   63                  | number_expression . EXPONENTIATION number_expression
   67 bool_expression: number_expression . RELATIONAL_BIG number_expression
   68                | number_expression . RELATIONAL_LEAST number_expression
   69                | number_expression . RELATIONAL_LEAST_EQ number_expression
   70                | number_expression . RELATIONAL_BIG_EQ number_expression
   71                | number_expression . RELATIONAL_EQ number_expression
   72                | number_expression . RELATIONAL_NEQ number_expression

    ARITHMETIC_ADD       偏移，並進入狀態 89
    ARITHMETIC_SUB       偏移，並進入狀態 90
    ARITHMETIC_MUL       偏移，並進入狀態 91
    ARITHMETIC_DIV       偏移，並進入狀態 92
    RELATIONAL_LEAST     偏移，並進入狀態 93
    RELATIONAL_LEAST_EQ  偏移，並進入狀態 94
    RELATIONAL_BIG_EQ    偏移，並進入狀態 95
    RELATIONAL_BIG       偏移，並進入狀態 96
    RELATIONAL_EQ        偏移，並進入狀態 97
    RELATIONAL_NEQ       偏移，並進入狀態 98
    RIGHT_PARENTHESE     偏移，並進入狀態 119
    EXPONENTIATION       偏移，並進入狀態 99


狀態 87

   73 bool_expression: LEFT_PARENTHESE bool_expression . RIGHT_PARENTHESE
   74                | bool_expression . AND bool_expression
   75                | bool_expression . OR bool_expression

    AND               偏移，並進入狀態 100
    OR                偏移，並進入狀態 101
    RIGHT_PARENTHESE  偏移，並進入狀態 120


狀態 88

   10 func_invo: IDENTIFERS LEFT_PARENTHESE . comm_expression RIGHT_PARENTHESE

    ARITHMETIC_ADD           偏移，並進入狀態 42
    ARITHMETIC_SUB           偏移，並進入狀態 43
    BOOLEAN_CONSTANTS_FALSE  偏移，並進入狀態 44
    BOOLEAN_CONSTANTS_TRUE   偏移，並進入狀態 45
    NOT                      偏移，並進入狀態 46
    LEFT_PARENTHESE          偏移，並進入狀態 47
    INTEGER_CONSTANTS        偏移，並進入狀態 48
    IDENTIFIER               偏移，並進入狀態 12
    REAL_CONSTANTS           偏移，並進入狀態 49
    STRING_CONSTANTS         偏移，並進入狀態 50

    $預設  使用規則 11 以縮減 (comm_expression)

    func_invo          進入狀態 51
    comm_expression    進入狀態 121
    IDENTIFERS         進入狀態 52
    arrays_variable    進入狀態 53
    expression         進入狀態 69
    number_expression  進入狀態 55
    bool_expression    進入狀態 56
    commponent         進入狀態 57


狀態 89

   59 number_expression: number_expression ARITHMETIC_ADD . number_expression

    ARITHMETIC_ADD     偏移，並進入狀態 42
    ARITHMETIC_SUB     偏移，並進入狀態 43
    LEFT_PARENTHESE    偏移，並進入狀態 82
    INTEGER_CONSTANTS  偏移，並進入狀態 48
    IDENTIFIER         偏移，並進入狀態 12
    REAL_CONSTANTS     偏移，並進入狀態 49

    func_invo          進入狀態 51
    IDENTIFERS         進入狀態 52
    arrays_variable    進入狀態 53
    number_expression  進入狀態 122
    commponent         進入狀態 57


狀態 90

   60 number_expression: number_expression ARITHMETIC_SUB . number_expression

    ARITHMETIC_ADD     偏移，並進入狀態 42
    ARITHMETIC_SUB     偏移，並進入狀態 43
    LEFT_PARENTHESE    偏移，並進入狀態 82
    INTEGER_CONSTANTS  偏移，並進入狀態 48
    IDENTIFIER         偏移，並進入狀態 12
    REAL_CONSTANTS     偏移，並進入狀態 49

    func_invo          進入狀態 51
    IDENTIFERS         進入狀態 52
    arrays_variable    進入狀態 53
    number_expression  進入狀態 123
    commponent         進入狀態 57


狀態 91

   61 number_expression: number_expression ARITHMETIC_MUL . number_expression

    ARITHMETIC_ADD     偏移，並進入狀態 42
    ARITHMETIC_SUB     偏移，並進入狀態 43
    LEFT_PARENTHESE    偏移，並進入狀態 82
    INTEGER_CONSTANTS  偏移，並進入狀態 48
    IDENTIFIER         偏移，並進入狀態 12
    REAL_CONSTANTS     偏移，並進入狀態 49

    func_invo          進入狀態 51
    IDENTIFERS         進入狀態 52
    arrays_variable    進入狀態 53
    number_expression  進入狀態 124
    commponent         進入狀態 57


狀態 92

   62 number_expression: number_expression ARITHMETIC_DIV . number_expression

    ARITHMETIC_ADD     偏移，並進入狀態 42
    ARITHMETIC_SUB     偏移，並進入狀態 43
    LEFT_PARENTHESE    偏移，並進入狀態 82
    INTEGER_CONSTANTS  偏移，並進入狀態 48
    IDENTIFIER         偏移，並進入狀態 12
    REAL_CONSTANTS     偏移，並進入狀態 49

    func_invo          進入狀態 51
    IDENTIFERS         進入狀態 52
    arrays_variable    進入狀態 53
    number_expression  進入狀態 125
    commponent         進入狀態 57


狀態 93

   68 bool_expression: number_expression RELATIONAL_LEAST . number_expression

    ARITHMETIC_ADD     偏移，並進入狀態 42
    ARITHMETIC_SUB     偏移，並進入狀態 43
    LEFT_PARENTHESE    偏移，並進入狀態 82
    INTEGER_CONSTANTS  偏移，並進入狀態 48
    IDENTIFIER         偏移，並進入狀態 12
    REAL_CONSTANTS     偏移，並進入狀態 49

    func_invo          進入狀態 51
    IDENTIFERS         進入狀態 52
    arrays_variable    進入狀態 53
    number_expression  進入狀態 126
    commponent         進入狀態 57


狀態 94

   69 bool_expression: number_expression RELATIONAL_LEAST_EQ . number_expression

    ARITHMETIC_ADD     偏移，並進入狀態 42
    ARITHMETIC_SUB     偏移，並進入狀態 43
    LEFT_PARENTHESE    偏移，並進入狀態 82
    INTEGER_CONSTANTS  偏移，並進入狀態 48
    IDENTIFIER         偏移，並進入狀態 12
    REAL_CONSTANTS     偏移，並進入狀態 49

    func_invo          進入狀態 51
    IDENTIFERS         進入狀態 52
    arrays_variable    進入狀態 53
    number_expression  進入狀態 127
    commponent         進入狀態 57


狀態 95

   70 bool_expression: number_expression RELATIONAL_BIG_EQ . number_expression

    ARITHMETIC_ADD     偏移，並進入狀態 42
    ARITHMETIC_SUB     偏移，並進入狀態 43
    LEFT_PARENTHESE    偏移，並進入狀態 82
    INTEGER_CONSTANTS  偏移，並進入狀態 48
    IDENTIFIER         偏移，並進入狀態 12
    REAL_CONSTANTS     偏移，並進入狀態 49

    func_invo          進入狀態 51
    IDENTIFERS         進入狀態 52
    arrays_variable    進入狀態 53
    number_expression  進入狀態 128
    commponent         進入狀態 57


狀態 96

   67 bool_expression: number_expression RELATIONAL_BIG . number_expression

    ARITHMETIC_ADD     偏移，並進入狀態 42
    ARITHMETIC_SUB     偏移，並進入狀態 43
    LEFT_PARENTHESE    偏移，並進入狀態 82
    INTEGER_CONSTANTS  偏移，並進入狀態 48
    IDENTIFIER         偏移，並進入狀態 12
    REAL_CONSTANTS     偏移，並進入狀態 49

    func_invo          進入狀態 51
    IDENTIFERS         進入狀態 52
    arrays_variable    進入狀態 53
    number_expression  進入狀態 129
    commponent         進入狀態 57


狀態 97

   71 bool_expression: number_expression RELATIONAL_EQ . number_expression

    ARITHMETIC_ADD     偏移，並進入狀態 42
    ARITHMETIC_SUB     偏移，並進入狀態 43
    LEFT_PARENTHESE    偏移，並進入狀態 82
    INTEGER_CONSTANTS  偏移，並進入狀態 48
    IDENTIFIER         偏移，並進入狀態 12
    REAL_CONSTANTS     偏移，並進入狀態 49

    func_invo          進入狀態 51
    IDENTIFERS         進入狀態 52
    arrays_variable    進入狀態 53
    number_expression  進入狀態 130
    commponent         進入狀態 57


狀態 98

   72 bool_expression: number_expression RELATIONAL_NEQ . number_expression

    ARITHMETIC_ADD     偏移，並進入狀態 42
    ARITHMETIC_SUB     偏移，並進入狀態 43
    LEFT_PARENTHESE    偏移，並進入狀態 82
    INTEGER_CONSTANTS  偏移，並進入狀態 48
    IDENTIFIER         偏移，並進入狀態 12
    REAL_CONSTANTS     偏移，並進入狀態 49

    func_invo          進入狀態 51
    IDENTIFERS         進入狀態 52
    arrays_variable    進入狀態 53
    number_expression  進入狀態 131
    commponent         進入狀態 57


狀態 99

   63 number_expression: number_expression EXPONENTIATION . number_expression

    ARITHMETIC_ADD     偏移，並進入狀態 42
    ARITHMETIC_SUB     偏移，並進入狀態 43
    LEFT_PARENTHESE    偏移，並進入狀態 82
    INTEGER_CONSTANTS  偏移，並進入狀態 48
    IDENTIFIER         偏移，並進入狀態 12
    REAL_CONSTANTS     偏移，並進入狀態 49

    func_invo          進入狀態 51
    IDENTIFERS         進入狀態 52
    arrays_variable    進入狀態 53
    number_expression  進入狀態 132
    commponent         進入狀態 57


狀態 100

   74 bool_expression: bool_expression AND . bool_expression

    ARITHMETIC_ADD           偏移，並進入狀態 42
    ARITHMETIC_SUB           偏移，並進入狀態 43
    BOOLEAN_CONSTANTS_FALSE  偏移，並進入狀態 44
    BOOLEAN_CONSTANTS_TRUE   偏移，並進入狀態 45
    NOT                      偏移，並進入狀態 46
    LEFT_PARENTHESE          偏移，並進入狀態 47
    INTEGER_CONSTANTS        偏移，並進入狀態 48
    IDENTIFIER               偏移，並進入狀態 12
    REAL_CONSTANTS           偏移，並進入狀態 49

    func_invo          進入狀態 51
    IDENTIFERS         進入狀態 52
    arrays_variable    進入狀態 53
    number_expression  進入狀態 80
    bool_expression    進入狀態 133
    commponent         進入狀態 57


狀態 101

   75 bool_expression: bool_expression OR . bool_expression

    ARITHMETIC_ADD           偏移，並進入狀態 42
    ARITHMETIC_SUB           偏移，並進入狀態 43
    BOOLEAN_CONSTANTS_FALSE  偏移，並進入狀態 44
    BOOLEAN_CONSTANTS_TRUE   偏移，並進入狀態 45
    NOT                      偏移，並進入狀態 46
    LEFT_PARENTHESE          偏移，並進入狀態 47
    INTEGER_CONSTANTS        偏移，並進入狀態 48
    IDENTIFIER               偏移，並進入狀態 12
    REAL_CONSTANTS           偏移，並進入狀態 49

    func_invo          進入狀態 51
    IDENTIFERS         進入狀態 52
    arrays_variable    進入狀態 53
    number_expression  進入狀態 80
    bool_expression    進入狀態 134
    commponent         進入狀態 57


狀態 102

   47 arrays_declaration: VAR SAVE_IDENTIFERS LEFT_SQUARE_BRACKETS . const_index_expression RIGHT_SQUARE_BRACKETS type

    ARITHMETIC_ADD     偏移，並進入狀態 42
    ARITHMETIC_SUB     偏移，並進入狀態 43
    LEFT_PARENTHESE    偏移，並進入狀態 82
    INTEGER_CONSTANTS  偏移，並進入狀態 48
    IDENTIFIER         偏移，並進入狀態 12
    REAL_CONSTANTS     偏移，並進入狀態 49

    func_invo               進入狀態 51
    IDENTIFERS              進入狀態 52
    arrays_variable         進入狀態 53
    const_index_expression  進入狀態 135
    number_expression       進入狀態 136
    commponent              進入狀態 57


狀態 103

   49 Variables_declaration: VAR SAVE_IDENTIFERS type . ASSIGNMENT constant_exp
   50                      | VAR SAVE_IDENTIFERS type .

    ASSIGNMENT  偏移，並進入狀態 137

    $預設  使用規則 50 以縮減 (Variables_declaration)


狀態 104

   14 Compound: LEFT_BRACKETS statements RIGHT_BRACKETS .

    $預設  使用規則 14 以縮減 (Compound)


狀態 105

    5 function: ex_function formal_arguments RIGHT_PARENTHESE . LEFT_BRACKETS statements RIGHT_BRACKETS

    LEFT_BRACKETS  偏移，並進入狀態 138


狀態 106

    8 formal_argument: SAVE_IDENTIFERS type .
    9                | SAVE_IDENTIFERS type . COMMA formal_argument

    COMMA  偏移，並進入狀態 139

    $預設  使用規則 8 以縮減 (formal_argument)


狀態 107

   13 comm_expression: comm_expression COMMA . comm_expression

    ARITHMETIC_ADD           偏移，並進入狀態 42
    ARITHMETIC_SUB           偏移，並進入狀態 43
    BOOLEAN_CONSTANTS_FALSE  偏移，並進入狀態 44
    BOOLEAN_CONSTANTS_TRUE   偏移，並進入狀態 45
    NOT                      偏移，並進入狀態 46
    LEFT_PARENTHESE          偏移，並進入狀態 47
    INTEGER_CONSTANTS        偏移，並進入狀態 48
    IDENTIFIER               偏移，並進入狀態 12
    REAL_CONSTANTS           偏移，並進入狀態 49
    STRING_CONSTANTS         偏移，並進入狀態 50

    $預設  使用規則 11 以縮減 (comm_expression)

    func_invo          進入狀態 51
    comm_expression    進入狀態 140
    IDENTIFERS         進入狀態 52
    arrays_variable    進入狀態 53
    expression         進入狀態 69
    number_expression  進入狀態 55
    bool_expression    進入狀態 56
    commponent         進入狀態 57


狀態 108

   19 Procedure: ex_Procedure comm_expression RIGHT_PARENTHESE .

    $預設  使用規則 19 以縮減 (Procedure)


狀態 109

   46 arrays_variable: IDENTIFERS LEFT_SQUARE_BRACKETS index_expression . RIGHT_SQUARE_BRACKETS

    RIGHT_SQUARE_BRACKETS  偏移，並進入狀態 141


狀態 110

   57 index_expression: number_expression .
   59 number_expression: number_expression . ARITHMETIC_ADD number_expression
   60                  | number_expression . ARITHMETIC_SUB number_expression
   61                  | number_expression . ARITHMETIC_MUL number_expression
   62                  | number_expression . ARITHMETIC_DIV number_expression
   63                  | number_expression . EXPONENTIATION number_expression

    ARITHMETIC_ADD  偏移，並進入狀態 89
    ARITHMETIC_SUB  偏移，並進入狀態 90
    ARITHMETIC_MUL  偏移，並進入狀態 91
    ARITHMETIC_DIV  偏移，並進入狀態 92
    EXPONENTIATION  偏移，並進入狀態 99

    $預設  使用規則 57 以縮減 (index_expression)


狀態 111

   28 statement: IDENTIFERS ASSIGNMENT expression .

    $預設  使用規則 28 以縮減 (statement)


狀態 112

   29 statement: arrays_variable ASSIGNMENT expression .

    $預設  使用規則 29 以縮減 (statement)


狀態 113

   48 consts_declaration: CONST SAVE_IDENTIFERS ASSIGNMENT constant_exp .

    $預設  使用規則 48 以縮減 (consts_declaration)


狀態 114

   52 constant_exp: expression .

    $預設  使用規則 52 以縮減 (constant_exp)


狀態 115

   17 LOOP: FOR LEFT_PARENTHESE statements SEMICOLON . bool_expression SEMICOLON statements RIGHT_PARENTHESE Compound

    ARITHMETIC_ADD           偏移，並進入狀態 42
    ARITHMETIC_SUB           偏移，並進入狀態 43
    BOOLEAN_CONSTANTS_FALSE  偏移，並進入狀態 44
    BOOLEAN_CONSTANTS_TRUE   偏移，並進入狀態 45
    NOT                      偏移，並進入狀態 46
    LEFT_PARENTHESE          偏移，並進入狀態 47
    INTEGER_CONSTANTS        偏移，並進入狀態 48
    IDENTIFIER               偏移，並進入狀態 12
    REAL_CONSTANTS           偏移，並進入狀態 49

    func_invo          進入狀態 51
    IDENTIFERS         進入狀態 52
    arrays_variable    進入狀態 53
    number_expression  進入狀態 80
    bool_expression    進入狀態 142
    commponent         進入狀態 57


狀態 116

    4 ex_function: FUNC type SAVE_IDENTIFERS LEFT_PARENTHESE .

    $預設  使用規則 4 以縮減 (ex_function)


狀態 117

   15 Conditional: IF LEFT_PARENTHESE bool_expression RIGHT_PARENTHESE . Compound ELSE Compound
   16            | IF LEFT_PARENTHESE bool_expression RIGHT_PARENTHESE . Compound

    LEFT_BRACKETS  偏移，並進入狀態 11

    Compound  進入狀態 143


狀態 118

   58 number_expression: LEFT_PARENTHESE number_expression . RIGHT_PARENTHESE
   59                  | number_expression . ARITHMETIC_ADD number_expression
   60                  | number_expression . ARITHMETIC_SUB number_expression
   61                  | number_expression . ARITHMETIC_MUL number_expression
   62                  | number_expression . ARITHMETIC_DIV number_expression
   63                  | number_expression . EXPONENTIATION number_expression

    ARITHMETIC_ADD    偏移，並進入狀態 89
    ARITHMETIC_SUB    偏移，並進入狀態 90
    ARITHMETIC_MUL    偏移，並進入狀態 91
    ARITHMETIC_DIV    偏移，並進入狀態 92
    RIGHT_PARENTHESE  偏移，並進入狀態 119
    EXPONENTIATION    偏移，並進入狀態 99


狀態 119

   58 number_expression: LEFT_PARENTHESE number_expression RIGHT_PARENTHESE .

    $預設  使用規則 58 以縮減 (number_expression)


狀態 120

   73 bool_expression: LEFT_PARENTHESE bool_expression RIGHT_PARENTHESE .

    $預設  使用規則 73 以縮減 (bool_expression)


狀態 121

   10 func_invo: IDENTIFERS LEFT_PARENTHESE comm_expression . RIGHT_PARENTHESE
   13 comm_expression: comm_expression . COMMA comm_expression

    COMMA             偏移，並進入狀態 107
    RIGHT_PARENTHESE  偏移，並進入狀態 144


狀態 122

   59 number_expression: number_expression . ARITHMETIC_ADD number_expression
   59                  | number_expression ARITHMETIC_ADD number_expression .
   60                  | number_expression . ARITHMETIC_SUB number_expression
   61                  | number_expression . ARITHMETIC_MUL number_expression
   62                  | number_expression . ARITHMETIC_DIV number_expression
   63                  | number_expression . EXPONENTIATION number_expression

    ARITHMETIC_MUL  偏移，並進入狀態 91
    ARITHMETIC_DIV  偏移，並進入狀態 92
    EXPONENTIATION  偏移，並進入狀態 99

    $預設  使用規則 59 以縮減 (number_expression)


狀態 123

   59 number_expression: number_expression . ARITHMETIC_ADD number_expression
   60                  | number_expression . ARITHMETIC_SUB number_expression
   60                  | number_expression ARITHMETIC_SUB number_expression .
   61                  | number_expression . ARITHMETIC_MUL number_expression
   62                  | number_expression . ARITHMETIC_DIV number_expression
   63                  | number_expression . EXPONENTIATION number_expression

    ARITHMETIC_MUL  偏移，並進入狀態 91
    ARITHMETIC_DIV  偏移，並進入狀態 92
    EXPONENTIATION  偏移，並進入狀態 99

    $預設  使用規則 60 以縮減 (number_expression)


狀態 124

   59 number_expression: number_expression . ARITHMETIC_ADD number_expression
   60                  | number_expression . ARITHMETIC_SUB number_expression
   61                  | number_expression . ARITHMETIC_MUL number_expression
   61                  | number_expression ARITHMETIC_MUL number_expression .
   62                  | number_expression . ARITHMETIC_DIV number_expression
   63                  | number_expression . EXPONENTIATION number_expression

    EXPONENTIATION  偏移，並進入狀態 99

    $預設  使用規則 61 以縮減 (number_expression)


狀態 125

   59 number_expression: number_expression . ARITHMETIC_ADD number_expression
   60                  | number_expression . ARITHMETIC_SUB number_expression
   61                  | number_expression . ARITHMETIC_MUL number_expression
   62                  | number_expression . ARITHMETIC_DIV number_expression
   62                  | number_expression ARITHMETIC_DIV number_expression .
   63                  | number_expression . EXPONENTIATION number_expression

    EXPONENTIATION  偏移，並進入狀態 99

    $預設  使用規則 62 以縮減 (number_expression)


狀態 126

   59 number_expression: number_expression . ARITHMETIC_ADD number_expression
   60                  | number_expression . ARITHMETIC_SUB number_expression
   61                  | number_expression . ARITHMETIC_MUL number_expression
   62                  | number_expression . ARITHMETIC_DIV number_expression
   63                  | number_expression . EXPONENTIATION number_expression
   68 bool_expression: number_expression RELATIONAL_LEAST number_expression .

    ARITHMETIC_ADD  偏移，並進入狀態 89
    ARITHMETIC_SUB  偏移，並進入狀態 90
    ARITHMETIC_MUL  偏移，並進入狀態 91
    ARITHMETIC_DIV  偏移，並進入狀態 92
    EXPONENTIATION  偏移，並進入狀態 99

    $預設  使用規則 68 以縮減 (bool_expression)


狀態 127

   59 number_expression: number_expression . ARITHMETIC_ADD number_expression
   60                  | number_expression . ARITHMETIC_SUB number_expression
   61                  | number_expression . ARITHMETIC_MUL number_expression
   62                  | number_expression . ARITHMETIC_DIV number_expression
   63                  | number_expression . EXPONENTIATION number_expression
   69 bool_expression: number_expression RELATIONAL_LEAST_EQ number_expression .

    ARITHMETIC_ADD  偏移，並進入狀態 89
    ARITHMETIC_SUB  偏移，並進入狀態 90
    ARITHMETIC_MUL  偏移，並進入狀態 91
    ARITHMETIC_DIV  偏移，並進入狀態 92
    EXPONENTIATION  偏移，並進入狀態 99

    $預設  使用規則 69 以縮減 (bool_expression)


狀態 128

   59 number_expression: number_expression . ARITHMETIC_ADD number_expression
   60                  | number_expression . ARITHMETIC_SUB number_expression
   61                  | number_expression . ARITHMETIC_MUL number_expression
   62                  | number_expression . ARITHMETIC_DIV number_expression
   63                  | number_expression . EXPONENTIATION number_expression
   70 bool_expression: number_expression RELATIONAL_BIG_EQ number_expression .

    ARITHMETIC_ADD  偏移，並進入狀態 89
    ARITHMETIC_SUB  偏移，並進入狀態 90
    ARITHMETIC_MUL  偏移，並進入狀態 91
    ARITHMETIC_DIV  偏移，並進入狀態 92
    EXPONENTIATION  偏移，並進入狀態 99

    $預設  使用規則 70 以縮減 (bool_expression)


狀態 129

   59 number_expression: number_expression . ARITHMETIC_ADD number_expression
   60                  | number_expression . ARITHMETIC_SUB number_expression
   61                  | number_expression . ARITHMETIC_MUL number_expression
   62                  | number_expression . ARITHMETIC_DIV number_expression
   63                  | number_expression . EXPONENTIATION number_expression
   67 bool_expression: number_expression RELATIONAL_BIG number_expression .

    ARITHMETIC_ADD  偏移，並進入狀態 89
    ARITHMETIC_SUB  偏移，並進入狀態 90
    ARITHMETIC_MUL  偏移，並進入狀態 91
    ARITHMETIC_DIV  偏移，並進入狀態 92
    EXPONENTIATION  偏移，並進入狀態 99

    $預設  使用規則 67 以縮減 (bool_expression)


狀態 130

   59 number_expression: number_expression . ARITHMETIC_ADD number_expression
   60                  | number_expression . ARITHMETIC_SUB number_expression
   61                  | number_expression . ARITHMETIC_MUL number_expression
   62                  | number_expression . ARITHMETIC_DIV number_expression
   63                  | number_expression . EXPONENTIATION number_expression
   71 bool_expression: number_expression RELATIONAL_EQ number_expression .

    ARITHMETIC_ADD  偏移，並進入狀態 89
    ARITHMETIC_SUB  偏移，並進入狀態 90
    ARITHMETIC_MUL  偏移，並進入狀態 91
    ARITHMETIC_DIV  偏移，並進入狀態 92
    EXPONENTIATION  偏移，並進入狀態 99

    $預設  使用規則 71 以縮減 (bool_expression)


狀態 131

   59 number_expression: number_expression . ARITHMETIC_ADD number_expression
   60                  | number_expression . ARITHMETIC_SUB number_expression
   61                  | number_expression . ARITHMETIC_MUL number_expression
   62                  | number_expression . ARITHMETIC_DIV number_expression
   63                  | number_expression . EXPONENTIATION number_expression
   72 bool_expression: number_expression RELATIONAL_NEQ number_expression .

    ARITHMETIC_ADD  偏移，並進入狀態 89
    ARITHMETIC_SUB  偏移，並進入狀態 90
    ARITHMETIC_MUL  偏移，並進入狀態 91
    ARITHMETIC_DIV  偏移，並進入狀態 92
    EXPONENTIATION  偏移，並進入狀態 99

    $預設  使用規則 72 以縮減 (bool_expression)


狀態 132

   59 number_expression: number_expression . ARITHMETIC_ADD number_expression
   60                  | number_expression . ARITHMETIC_SUB number_expression
   61                  | number_expression . ARITHMETIC_MUL number_expression
   62                  | number_expression . ARITHMETIC_DIV number_expression
   63                  | number_expression . EXPONENTIATION number_expression
   63                  | number_expression EXPONENTIATION number_expression .

    $預設  使用規則 63 以縮減 (number_expression)


狀態 133

   74 bool_expression: bool_expression . AND bool_expression
   74                | bool_expression AND bool_expression .
   75                | bool_expression . OR bool_expression

    $預設  使用規則 74 以縮減 (bool_expression)


狀態 134

   74 bool_expression: bool_expression . AND bool_expression
   75                | bool_expression . OR bool_expression
   75                | bool_expression OR bool_expression .

    AND  偏移，並進入狀態 100

    $預設  使用規則 75 以縮減 (bool_expression)


狀態 135

   47 arrays_declaration: VAR SAVE_IDENTIFERS LEFT_SQUARE_BRACKETS const_index_expression . RIGHT_SQUARE_BRACKETS type

    RIGHT_SQUARE_BRACKETS  偏移，並進入狀態 145


狀態 136

   56 const_index_expression: number_expression .
   59 number_expression: number_expression . ARITHMETIC_ADD number_expression
   60                  | number_expression . ARITHMETIC_SUB number_expression
   61                  | number_expression . ARITHMETIC_MUL number_expression
   62                  | number_expression . ARITHMETIC_DIV number_expression
   63                  | number_expression . EXPONENTIATION number_expression

    ARITHMETIC_ADD  偏移，並進入狀態 89
    ARITHMETIC_SUB  偏移，並進入狀態 90
    ARITHMETIC_MUL  偏移，並進入狀態 91
    ARITHMETIC_DIV  偏移，並進入狀態 92
    EXPONENTIATION  偏移，並進入狀態 99

    $預設  使用規則 56 以縮減 (const_index_expression)


狀態 137

   49 Variables_declaration: VAR SAVE_IDENTIFERS type ASSIGNMENT . constant_exp

    ARITHMETIC_ADD           偏移，並進入狀態 42
    ARITHMETIC_SUB           偏移，並進入狀態 43
    BOOLEAN_CONSTANTS_FALSE  偏移，並進入狀態 44
    BOOLEAN_CONSTANTS_TRUE   偏移，並進入狀態 45
    NOT                      偏移，並進入狀態 46
    LEFT_PARENTHESE          偏移，並進入狀態 47
    INTEGER_CONSTANTS        偏移，並進入狀態 48
    IDENTIFIER               偏移，並進入狀態 12
    REAL_CONSTANTS           偏移，並進入狀態 49
    STRING_CONSTANTS         偏移，並進入狀態 50

    func_invo          進入狀態 51
    IDENTIFERS         進入狀態 52
    arrays_variable    進入狀態 53
    constant_exp       進入狀態 146
    expression         進入狀態 114
    number_expression  進入狀態 55
    bool_expression    進入狀態 56
    commponent         進入狀態 57


狀態 138

    5 function: ex_function formal_arguments RIGHT_PARENTHESE LEFT_BRACKETS . statements RIGHT_BRACKETS

    CONST          偏移，並進入狀態 1
    FOR            偏移，並進入狀態 2
    FUNC           偏移，並進入狀態 3
    GO             偏移，並進入狀態 4
    IF             偏移，並進入狀態 5
    PRINT          偏移，並進入狀態 6
    PRINTLN        偏移，並進入狀態 7
    RETURN         偏移，並進入狀態 8
    VAR            偏移，並進入狀態 9
    READ           偏移，並進入狀態 10
    LEFT_BRACKETS  偏移，並進入狀態 11
    IDENTIFIER     偏移，並進入狀態 12

    CONST           [使用規則 43 以縮減 (declarations)]
    FOR             [使用規則 43 以縮減 (declarations)]
    FUNC            [使用規則 43 以縮減 (declarations)]
    GO              [使用規則 43 以縮減 (declarations)]
    IF              [使用規則 43 以縮減 (declarations)]
    PRINT           [使用規則 43 以縮減 (declarations)]
    PRINTLN         [使用規則 43 以縮減 (declarations)]
    RETURN          [使用規則 43 以縮減 (declarations)]
    VAR             [使用規則 43 以縮減 (declarations)]
    READ            [使用規則 43 以縮減 (declarations)]
    LEFT_BRACKETS   [使用規則 43 以縮減 (declarations)]
    RIGHT_BRACKETS  使用規則 22 以縮減 (statements)
    RIGHT_BRACKETS  [使用規則 43 以縮減 (declarations)]
    IDENTIFIER      [使用規則 43 以縮減 (declarations)]
    $預設         使用規則 22 以縮減 (statements)

    ex_function            進入狀態 15
    function               進入狀態 16
    Compound               進入狀態 17
    Conditional            進入狀態 18
    LOOP                   進入狀態 19
    ex_Procedure           進入狀態 20
    Procedure              進入狀態 21
    statements             進入狀態 147
    statement              進入狀態 23
    IDENTIFERS             進入狀態 24
    declarations           進入狀態 63
    declaration            進入狀態 26
    arrays_variable        進入狀態 27
    arrays_declaration     進入狀態 28
    consts_declaration     進入狀態 29
    Variables_declaration  進入狀態 30


狀態 139

    9 formal_argument: SAVE_IDENTIFERS type COMMA . formal_argument

    IDENTIFIER  偏移，並進入狀態 31

    formal_argument  進入狀態 148
    SAVE_IDENTIFERS  進入狀態 67


狀態 140

   13 comm_expression: comm_expression . COMMA comm_expression
   13                | comm_expression COMMA comm_expression .

    COMMA  偏移，並進入狀態 107

    COMMA    [使用規則 13 以縮減 (comm_expression)]
    $預設  使用規則 13 以縮減 (comm_expression)


狀態 141

   46 arrays_variable: IDENTIFERS LEFT_SQUARE_BRACKETS index_expression RIGHT_SQUARE_BRACKETS .

    $預設  使用規則 46 以縮減 (arrays_variable)


狀態 142

   17 LOOP: FOR LEFT_PARENTHESE statements SEMICOLON bool_expression . SEMICOLON statements RIGHT_PARENTHESE Compound
   74 bool_expression: bool_expression . AND bool_expression
   75                | bool_expression . OR bool_expression

    AND        偏移，並進入狀態 100
    OR         偏移，並進入狀態 101
    SEMICOLON  偏移，並進入狀態 149


狀態 143

   15 Conditional: IF LEFT_PARENTHESE bool_expression RIGHT_PARENTHESE Compound . ELSE Compound
   16            | IF LEFT_PARENTHESE bool_expression RIGHT_PARENTHESE Compound .

    ELSE  偏移，並進入狀態 150

    $預設  使用規則 16 以縮減 (Conditional)


狀態 144

   10 func_invo: IDENTIFERS LEFT_PARENTHESE comm_expression RIGHT_PARENTHESE .

    $預設  使用規則 10 以縮減 (func_invo)


狀態 145

   47 arrays_declaration: VAR SAVE_IDENTIFERS LEFT_SQUARE_BRACKETS const_index_expression RIGHT_SQUARE_BRACKETS . type

    BOOL    偏移，並進入狀態 34
    INT     偏移，並進入狀態 35
    REAL    偏移，並進入狀態 36
    STRING  偏移，並進入狀態 37
    VOID    偏移，並進入狀態 38

    type  進入狀態 151


狀態 146

   49 Variables_declaration: VAR SAVE_IDENTIFERS type ASSIGNMENT constant_exp .

    $預設  使用規則 49 以縮減 (Variables_declaration)


狀態 147

    5 function: ex_function formal_arguments RIGHT_PARENTHESE LEFT_BRACKETS statements . RIGHT_BRACKETS

    RIGHT_BRACKETS  偏移，並進入狀態 152


狀態 148

    9 formal_argument: SAVE_IDENTIFERS type COMMA formal_argument .

    $預設  使用規則 9 以縮減 (formal_argument)


狀態 149

   17 LOOP: FOR LEFT_PARENTHESE statements SEMICOLON bool_expression SEMICOLON . statements RIGHT_PARENTHESE Compound

    CONST          偏移，並進入狀態 1
    FOR            偏移，並進入狀態 2
    FUNC           偏移，並進入狀態 3
    GO             偏移，並進入狀態 4
    IF             偏移，並進入狀態 5
    PRINT          偏移，並進入狀態 6
    PRINTLN        偏移，並進入狀態 7
    RETURN         偏移，並進入狀態 8
    VAR            偏移，並進入狀態 9
    READ           偏移，並進入狀態 10
    LEFT_BRACKETS  偏移，並進入狀態 11
    IDENTIFIER     偏移，並進入狀態 12

    CONST             [使用規則 43 以縮減 (declarations)]
    FOR               [使用規則 43 以縮減 (declarations)]
    FUNC              [使用規則 43 以縮減 (declarations)]
    GO                [使用規則 43 以縮減 (declarations)]
    IF                [使用規則 43 以縮減 (declarations)]
    PRINT             [使用規則 43 以縮減 (declarations)]
    PRINTLN           [使用規則 43 以縮減 (declarations)]
    RETURN            [使用規則 43 以縮減 (declarations)]
    VAR               [使用規則 43 以縮減 (declarations)]
    READ              [使用規則 43 以縮減 (declarations)]
    RIGHT_PARENTHESE  使用規則 22 以縮減 (statements)
    RIGHT_PARENTHESE  [使用規則 43 以縮減 (declarations)]
    LEFT_BRACKETS     [使用規則 43 以縮減 (declarations)]
    IDENTIFIER        [使用規則 43 以縮減 (declarations)]
    $預設           使用規則 22 以縮減 (statements)

    ex_function            進入狀態 15
    function               進入狀態 16
    Compound               進入狀態 17
    Conditional            進入狀態 18
    LOOP                   進入狀態 19
    ex_Procedure           進入狀態 20
    Procedure              進入狀態 21
    statements             進入狀態 153
    statement              進入狀態 23
    IDENTIFERS             進入狀態 24
    declarations           進入狀態 63
    declaration            進入狀態 26
    arrays_variable        進入狀態 27
    arrays_declaration     進入狀態 28
    consts_declaration     進入狀態 29
    Variables_declaration  進入狀態 30


狀態 150

   15 Conditional: IF LEFT_PARENTHESE bool_expression RIGHT_PARENTHESE Compound ELSE . Compound

    LEFT_BRACKETS  偏移，並進入狀態 11

    Compound  進入狀態 154


狀態 151

   47 arrays_declaration: VAR SAVE_IDENTIFERS LEFT_SQUARE_BRACKETS const_index_expression RIGHT_SQUARE_BRACKETS type .

    $預設  使用規則 47 以縮減 (arrays_declaration)


狀態 152

    5 function: ex_function formal_arguments RIGHT_PARENTHESE LEFT_BRACKETS statements RIGHT_BRACKETS .

    $預設  使用規則 5 以縮減 (function)


狀態 153

   17 LOOP: FOR LEFT_PARENTHESE statements SEMICOLON bool_expression SEMICOLON statements . RIGHT_PARENTHESE Compound

    RIGHT_PARENTHESE  偏移，並進入狀態 155


狀態 154

   15 Conditional: IF LEFT_PARENTHESE bool_expression RIGHT_PARENTHESE Compound ELSE Compound .

    $預設  使用規則 15 以縮減 (Conditional)


狀態 155

   17 LOOP: FOR LEFT_PARENTHESE statements SEMICOLON bool_expression SEMICOLON statements RIGHT_PARENTHESE . Compound

    LEFT_BRACKETS  偏移，並進入狀態 11

    Compound  進入狀態 156


狀態 156

   17 LOOP: FOR LEFT_PARENTHESE statements SEMICOLON bool_expression SEMICOLON statements RIGHT_PARENTHESE Compound .

    $預設  使用規則 17 以縮減 (LOOP)
